<?xml version="1.0" encoding="UTF-8"?>
<testsuite xmlns:xsi="http://www.w3.org/2001/XMLSchema-instance" xsi:noNamespaceSchemaLocation="https://maven.apache.org/surefire/maven-surefire-plugin/xsd/surefire-test-report.xsd" name="com.e2eTest.altran.TestRunner" time="60.898" tests="20" errors="0" skipped="0" failures="0">
  <properties>
[...]
</properties>
  <testcase name="Given J ouvre l application CSE Altran" classname="Scenario: Authentification - Cse Altran" time="0.002"/>
  <testcase name="When Je saisie mon adresse email &quot;ridha.bouguerra@altran.com&quot;" classname="Scenario: Authentification - Cse Altran" time="0"/>
  <testcase name="And Je saisie mon mot de passe &quot;test1234A+&quot;" classname="Scenario: Authentification - Cse Altran" time="0"/>
  <testcase name="And Je clique sur le bouton Je m identifie" classname="Scenario: Authentification - Cse Altran" time="0"/>
  <testcase name="Then Redirection vers la page Home" classname="Scenario: Authentification - Cse Altran" time="0"/>
  <testcase name="When Je clique sur Ticket Billetterie apres je clique sur J EN PROFITE de Parc Loisirs" classname="Scenario: Authentification - Cse Altran" time="0"/>
  <testcase name="And Je clique sur Avantages apres je clique sur Enveloppe2020" classname="Scenario: Authentification - Cse Altran" time="0"/>
  <testcase name="And Je clique sur parc et loisirs" classname="Scenario: Authentification - Cse Altran" time="0"/>
  <testcase name="And Je tape dans la barre de recherche &quot;zoo de vincennes&quot; et je clique sur le bouton rechercher" classname="Scenario: Authentification - Cse Altran" time="0"/>
  <testcase name="And Je clique une seule fois sur + pour ajouter un billet a mon choix Entrée Enfant3 à12 ans inclus" classname="Scenario: Authentification - Cse Altran" time="0"/>
  <testcase name="And Je clique deux fois sur + pour ajouter deux billets a mon choix Entrée Adulte13 ans et plus" classname="Scenario: Authentification - Cse Altran" time="0"/>
  <testcase name="And Je clique sur ajouter a mon panier" classname="Scenario: Authentification - Cse Altran" time="0"/>
  <testcase name="And Je clique sur voir mon panier" classname="Scenario: Authentification - Cse Altran" time="0"/>
  <testcase name="And Je clique sur l icone x a droite pour annuler mon premier choix et je confirme la suppression" classname="Scenario: Authentification - Cse Altran" time="0"/>
  <testcase name="And Je clique sur l icone x a droite pour annuler mon deuxieme choix et je confirme la suppression" classname="Scenario: Authentification - Cse Altran" time="0"/>
  <testcase name="And Je clique sur retournez au site CSE ALTRAN IDF" classname="Scenario: Authentification - Cse Altran" time="0"/>
  <testcase name="Then Redirection vers la page Myclub" classname="Scenario: Authentification - Cse Altran" time="0"/>
  <testcase name="And Je mets le curseur sur M. Ridha BOUGUERRA et je clique sur Se deconnecter" classname="Scenario: Authentification - Cse Altran" time="0"/>
  <testcase name="Then Redirection vers la page d authentification" classname="Scenario: Authentification - Cse Altran" time="0"/>
  <testcase name="Scenario: Authentification - Cse Altran" classname="Scenario: Authentification - Cse Altran" time="0.009"/>
</testsuite>